<?xml version="1.0" encoding="UTF-8"?>
<!-- Generated by org.testng.reporters.JUnitXMLReporter -->
<testsuite hostname="elcot-pc" name="Test" tests="1" failures="1" timestamp="9 Mar 2017 06:00:21 GMT" time="19.1" errors="0">
  <testcase name="entercustomerID" time="9.329" classname="testscripts.TestCase1">
    <failure type="junit.framework.ComparisonFailure" message="Amount Verified expected:&amp;lt;22[34]5&amp;gt; but was:&amp;lt;22[927]5&amp;gt;">
      <![CDATA[junit.framework.ComparisonFailure: Amount Verified expected:<22[34]5> but was:<22[927]5>
	at junit.framework.Assert.assertEquals(Assert.java:100)
	at pages.HomePage.validatingtheaccountBalance(HomePage.java:31)
	at testscripts.TestCase1.entercustomerID(TestCase1.java:31)
... Removed 24 stack frames]]>
    </failure>
  </testcase> <!-- entercustomerID -->
</testsuite> <!-- Test -->
